<?xml version="1.0" encoding="UTF-8"?>
<!-- Generated by org.testng.reporters.JUnitXMLReporter -->
<testsuite hostname="DESKTOP-OUT1J96" failures="0" tests="5" name="Default test" time="0.025" errors="0" timestamp="24 Nov 2021 22:43:23 GMT">
  <testcase classname="com.project.CMSC495.GetterSetterTesting" name="channelTest" time="0.005"/>
  <testcase classname="com.project.CMSC495.GetterSetterTesting" name="emailTest" time="0.001"/>
  <testcase classname="com.project.CMSC495.GetterSetterTesting" name="idTest" time="0.0"/>
  <testcase classname="com.project.CMSC495.GetterSetterTesting" name="nameTest" time="0.0"/>
  <testcase classname="com.project.CMSC495.GetterSetterTesting" name="providerTest" time="0.001"/>
</testsuite> <!-- Default test -->
