<?xml version="1.0" encoding="UTF-8"?>
<testng-results total="5" passed="5" failed="0" skipped="0">
  <reporter-output>
  </reporter-output>
  <suite started-at="2021-11-24T22:43:23Z" name="Default suite" finished-at="2021-11-24T22:43:23Z" duration-ms="25">
    <groups>
    </groups>
    <test started-at="2021-11-24T22:43:23Z" name="Default test" finished-at="2021-11-24T22:43:23Z" duration-ms="25">
      <class name="com.project.CMSC495.GetterSetterTesting">
        <test-method is-config="true" signature="setTestData()[pri:0, instance:com.project.CMSC495.GetterSetterTesting@41294f8]" started-at="2021-11-24T17:43:23Z" name="setTestData" finished-at="2021-11-24T17:43:23Z" duration-ms="7" status="PASS">
          <reporter-output>
          </reporter-output>
        </test-method> <!-- setTestData -->
        <test-method signature="channelTest()[pri:0, instance:com.project.CMSC495.GetterSetterTesting@41294f8]" started-at="2021-11-24T17:43:23Z" name="channelTest" description="Tests the getter and setter of channels" finished-at="2021-11-24T17:43:23Z" duration-ms="5" status="PASS">
          <reporter-output>
          </reporter-output>
        </test-method> <!-- channelTest -->
        <test-method signature="emailTest()[pri:0, instance:com.project.CMSC495.GetterSetterTesting@41294f8]" started-at="2021-11-24T17:43:23Z" name="emailTest" description="Tests the getter and setter of email" finished-at="2021-11-24T17:43:23Z" duration-ms="1" status="PASS">
          <reporter-output>
          </reporter-output>
        </test-method> <!-- emailTest -->
        <test-method signature="idTest()[pri:0, instance:com.project.CMSC495.GetterSetterTesting@41294f8]" started-at="2021-11-24T17:43:23Z" name="idTest" description="Tests the getter and setter of id" finished-at="2021-11-24T17:43:23Z" duration-ms="0" status="PASS">
          <reporter-output>
          </reporter-output>
        </test-method> <!-- idTest -->
        <test-method signature="providerTest()[pri:0, instance:com.project.CMSC495.GetterSetterTesting@41294f8]" started-at="2021-11-24T17:43:23Z" name="providerTest" description="Tests the getter and setter of provider" finished-at="2021-11-24T17:43:23Z" duration-ms="1" status="PASS">
          <reporter-output>
          </reporter-output>
        </test-method> <!-- providerTest -->
        <test-method signature="nameTest()[pri:0, instance:com.project.CMSC495.GetterSetterTesting@41294f8]" started-at="2021-11-24T17:43:23Z" name="nameTest" description="Tests the getter and setter of name" finished-at="2021-11-24T17:43:23Z" duration-ms="0" status="PASS">
          <reporter-output>
          </reporter-output>
        </test-method> <!-- nameTest -->
      </class> <!-- com.project.CMSC495.GetterSetterTesting -->
    </test> <!-- Default test -->
  </suite> <!-- Default suite -->
</testng-results>
